<?xml version="1.0" encoding="UTF-8"?>
<testsuite xmlns:xsi="http://www.w3.org/2001/XMLSchema-instance" xsi:noNamespaceSchemaLocation="https://maven.apache.org/surefire/maven-surefire-plugin/xsd/surefire-test-report-3.0.xsd" version="3.0" name="com.me.MedicineApplicationTests" time="16.055" tests="2" errors="0" skipped="1" failures="0">
  <properties>
[...]
</properties>
  <testcase name="contextLoads" classname="com.me.MedicineApplicationTests" time="0.0">
    <skipped message="文件不存在，暂时禁用此测试"/>
    <system-out><![CDATA[23:57:15.689 [main] INFO org.springframework.test.context.support.AnnotationConfigContextLoaderUtils -- Could not detect default configuration classes for test class [com.me.MedicineApplicationTests]: MedicineApplicationTests does not declare any static, non-private, non-final, nested classes annotated with @Configuration.
23:57:15.896 [main] INFO org.springframework.boot.test.context.SpringBootTestContextBootstrapper -- Found @SpringBootConfiguration com.me.MedicineApplication for test class com.me.MedicineApplicationTests

  .   ____          _            __ _ _
 /\\ / ___'_ __ _ _(_)_ __  __ _ \ \ \ \
( ( )\___ | '_ | '_| | '_ \/ _` | \ \ \ \
 \\/  ___)| |_)| | | | | || (_| |  ) ) ) )
  '  |____| .__|_| |_|_| |_\__, | / / / /
 =========|_|==============|___/=/_/_/_/

 :: Spring Boot ::                (v3.5.0)

2025-06-15T23:57:16.907+08:00  INFO 5600 --- [           main] com.me.MedicineApplicationTests          : Starting MedicineApplicationTests using Java 17.0.1 with PID 5600 (started by -Zero-YUAN in D:\y-space\PROJECT\Chinese_Medicine-main\medicine)
2025-06-15T23:57:16.910+08:00  INFO 5600 --- [           main] com.me.MedicineApplicationTests          : No active profile set, falling back to 1 default profile: "default"
2025-06-15T23:57:18.919+08:00  INFO 5600 --- [           main] .s.d.r.c.RepositoryConfigurationDelegate : Bootstrapping Spring Data MongoDB repositories in DEFAULT mode.
2025-06-15T23:57:18.976+08:00  INFO 5600 --- [           main] .s.d.r.c.RepositoryConfigurationDelegate : Finished Spring Data repository scanning in 33 ms. Found 0 MongoDB repository interfaces.
2025-06-15T23:57:20.228+08:00  INFO 5600 --- [           main] org.mongodb.driver.client                : MongoClient with metadata {"driver": {"name": "mongo-java-driver|sync|spring-boot", "version": "5.4.0"}, "os": {"type": "Windows", "name": "Windows 10", "architecture": "amd64", "version": "10.0"}, "platform": "Java/Oracle Corporation/17.0.1+12-LTS-39"} created with settings MongoClientSettings{readPreference=primary, writeConcern=WriteConcern{w=null, wTimeout=null ms, journal=null}, retryWrites=true, retryReads=true, readConcern=ReadConcern{level=null}, credential=null, transportSettings=null, commandListeners=[], codecRegistry=ProvidersCodecRegistry{codecProviders=[ValueCodecProvider{}, BsonValueCodecProvider{}, DBRefCodecProvider{}, DBObjectCodecProvider{}, DocumentCodecProvider{}, CollectionCodecProvider{}, IterableCodecProvider{}, MapCodecProvider{}, GeoJsonCodecProvider{}, GridFSFileCodecProvider{}, Jsr310CodecProvider{}, JsonObjectCodecProvider{}, BsonCodecProvider{}, EnumCodecProvider{}, com.mongodb.client.model.mql.ExpressionCodecProvider@661e1399, com.mongodb.Jep395RecordCodecProvider@3ffd4b12, com.mongodb.KotlinCodecProvider@424f02b8]}, loggerSettings=LoggerSettings{maxDocumentLength=1000}, clusterSettings={hosts=[localhost:27017], srvServiceName=mongodb, mode=SINGLE, requiredClusterType=UNKNOWN, requiredReplicaSetName='null', serverSelector='null', clusterListeners='[]', serverSelectionTimeout='30000 ms', localThreshold='15 ms'}, socketSettings=SocketSettings{connectTimeoutMS=10000, readTimeoutMS=0, receiveBufferSize=0, proxySettings=ProxySettings{host=null, port=null, username=null, password=null}}, heartbeatSocketSettings=SocketSettings{connectTimeoutMS=10000, readTimeoutMS=10000, receiveBufferSize=0, proxySettings=ProxySettings{host=null, port=null, username=null, password=null}}, connectionPoolSettings=ConnectionPoolSettings{maxSize=100, minSize=0, maxWaitTimeMS=120000, maxConnectionLifeTimeMS=0, maxConnectionIdleTimeMS=0, maintenanceInitialDelayMS=0, maintenanceFrequencyMS=60000, connectionPoolListeners=[], maxConnecting=2}, serverSettings=ServerSettings{heartbeatFrequencyMS=10000, minHeartbeatFrequencyMS=500, serverMonitoringMode=AUTO, serverListeners='[]', serverMonitorListeners='[]'}, sslSettings=SslSettings{enabled=false, invalidHostNameAllowed=false, context=null}, applicationName='null', compressorList=[], uuidRepresentation=JAVA_LEGACY, serverApi=null, autoEncryptionSettings=null, dnsClient=null, inetAddressResolver=null, contextProvider=null, timeoutMS=null}
2025-06-15T23:57:20.263+08:00  INFO 5600 --- [localhost:27017] org.mongodb.driver.cluster               : Monitor thread successfully connected to server with description ServerDescription{address=localhost:27017, type=STANDALONE, cryptd=false, state=CONNECTED, ok=true, minWireVersion=0, maxWireVersion=25, maxDocumentSize=16777216, logicalSessionTimeoutMinutes=30, roundTripTimeNanos=36045000, minRoundTripTimeNanos=0}
2025-06-15T23:57:20.456+08:00  WARN 5600 --- [           main] o.s.data.convert.CustomConversions       : Registering converter from interface java.util.List to interface org.springframework.data.domain.Vector as reading converter although it doesn't convert from a store-supported type; You might want to check your annotation setup at the converter implementation
2025-06-15T23:57:20.685+08:00  WARN 5600 --- [           main] o.s.data.convert.CustomConversions       : Registering converter from interface java.util.List to interface org.springframework.data.domain.Vector as reading converter although it doesn't convert from a store-supported type; You might want to check your annotation setup at the converter implementation
2025-06-15T23:57:25.815+08:00  INFO 5600 --- [           main] com.me.config.LangChainJsonConfig        : LangChain4j的JSON配置已完成
2025-06-15T23:57:28.003+08:00  INFO 5600 --- [           main] o.s.b.a.w.s.WelcomePageHandlerMapping    : Adding welcome page: class path resource [static/index.html]
2025-06-15T23:57:29.082+08:00  INFO 5600 --- [           main] com.me.MedicineApplicationTests          : Started MedicineApplicationTests in 12.926 seconds (process running for 15.712)
]]></system-out>
  </testcase>
  <testcase name="testEmbeddingModel" classname="com.me.MedicineApplicationTests" time="1.867">
    <system-out><![CDATA[向量维度：1024
向量输出：Response { content = Embedding { vector = [-0.082962915, 0.038332958, -0.08697725, -0.060884073, -0.04407897, -0.056751672, 0.0015668696, 0.020327488, -0.05112373, 0.0078072906, 0.02707708, 0.06883403, 0.022275621, 0.0024609938, 0.009548803, -0.03750648, 0.014424055, -0.02520766, -4.3999025E-4, -0.033295363, -0.059191756, 0.03032397, 0.0070988783, -0.008063106, 0.04447253, 0.05478386, -0.062222186, -0.040044956, 0.045417078, -0.033885706, 0.028690685, 0.010030917, 0.0150931105, -0.04407897, 7.6929113E-4, -0.026329312, -0.008318922, -0.045968067, -0.07332064, 0.026408024, 0.05407545, 0.01822193, 0.019619076, -0.049864333, 0.03791972, -0.0464797, -0.008933863, -0.020307811, 0.051832143, -0.018674526, 0.014315826, 0.0035248415, 0.074225836, -0.02001264, -0.0017415128, 0.006966051, 0.01635251, -0.034968004, -0.031406265, -1.4082147E-4, -0.045495793, 0.006656121, 0.0079893125, -0.050494034, -0.033413433, 0.09618661, 0.013833712, -0.018084183, -0.05415416, -0.044944804, -0.024636995, 0.0060608583, 0.005509871, 0.012780933, -0.050139826, 0.027234506, 0.035007358, 0.006916856, -0.045299012, -0.02125236, 0.09705244, 0.013745161, -0.0046956893, 0.006582328, -0.029300706, 0.03843135, 0.0053376877, 0.072258025, -0.019599399, 0.0076597044, -0.031603046, -0.04466931, 0.0058886744, -0.027313218, -0.014876652, -0.012466083, -0.060766004, 0.03646354, 0.015063594, 0.0025360165, 0.03229178, 0.017562713, 0.029340062, -0.047227465, -0.008156577, 0.018812275, 0.024617316, 0.02656545, -0.0073350156, 0.00572633, 0.044944804, 0.03896266, 0.014217435, -0.013007231, 0.03386603, -0.01655913, -0.028907144, -0.0077679344, -0.012151233, -0.024184398, -6.45688E-4, 0.036109332, -0.008259887, -0.013499184, -0.013754999, -0.028690685, 0.014916008, 0.02198045, -0.018733561, 0.004383299, 0.03634547, 0.042032443, -0.045653217, -0.009120804, -0.03229178, -0.047266822, 0.009543884, 0.003603554, 0.0106556965, -0.016795268, 0.047581673, 0.031406265, 0.016382027, -0.030461716, -2.036992E-4, -0.102562316, 0.036188047, 0.025955427, 0.013823872, -0.011255879, 0.023003712, 0.030953668, 0.0034436693, 0.054232873, -7.92044E-4, -0.011137811, -0.05864077, 0.019392777, 0.0013823872, -0.010060434, 0.013518862, 0.005839479, -0.030717531, -0.023082424, -0.010537628, 0.006282237, 0.022472402, -0.0058001233, -0.01343031, 0.010124388, 0.0017980874, -0.033354398, 0.018389195, -0.009730826, -0.0041102655, 0.012161072, 0.07052635, 0.029654913, 0.019225514, -0.06092343, -0.04415768, 0.018094024, -0.03760487, -0.0027623149, -0.0026836023, 0.023357917, -0.0076301876, -0.015063594, -0.017159313, 0.011305074, -0.012800611, -0.041914377, 0.028631652, -0.01406001, 0.009740665, -1.21373974E-4, -0.004427575, -0.026604805, 0.006198605, 0.005012999, -0.0076892218, 0.027372252, -0.003925783, -0.023357917, -0.039749783, -0.034830257, -0.0105474675, -0.039651394, 0.02219691, -0.03770326, -0.02312178, -0.022984033, 0.011993809, -0.022255944, -0.02656545, 0.031229163, -1.9708858E-4, -0.004971183, 0.014571641, -0.005391802, -0.0053622853, 0.01218075, 0.0054114806, 0.05084824, 0.017149473, -0.016588647, 0.03457444, 0.010921352, -0.007979474, -0.010537628, 0.005839479, 0.019963443, 0.01677559, -0.026230922, 0.032095, -0.017572552, -0.03126852, 0.02654577, 0.0106556965, -0.0031214403, 0.010468755, -0.029950084, -0.016214764, -0.0075022797, 2.5289448E-4, 0.007551475, 0.023692446, 0.013243369, -0.0033378995, 0.024971522, -0.0015693293, -0.047581673, 0.016834624, 0.013174495, 0.073478065, 0.0145913195, 0.04738489, 0.010193261, -0.01666736, -0.018812275, 0.021331072, -0.068912745, 0.006011663, 0.060372442, -0.0035789565, -0.003478106, -0.012613669, -0.011029581, -0.011275558, -0.004457092, -1.1193847E-5, -0.03707356, -0.021645922, 0.004693229, -0.040773045, -0.0066610402, -0.004771942, -0.054508366, 0.033806995, 1.4397305E-4, 0.024459891, 0.027962595, 0.028316801, 7.256303E-4, 0.002178121, -0.013725482, -0.021331072, -0.02125236, 0.040694334, -0.026801586, 0.0053622853, 0.06403257, 0.0362274, -0.010242457, 0.0020465236, 0.02520766, 0.01979618, -0.19284548, -0.011118133, 0.0064199837, -0.013381115, 0.008053266, -0.0061838464, -0.055059355, 0.015299731, -0.007625268, 0.019491168, 0.015299731, -0.022590471, -0.007856485, 0.016362349, -0.01051795, 0.042347293, 0.02072105, -0.02823809, 0.0076301876, -0.05718459, -0.01895002, -0.016687037, 0.086426266, -0.027096758, 0.0042135753, -0.018280964, 0.031111093, -0.042150512, -0.065449394, -0.015890075, -0.01779885, -0.030579785, -0.007738417, 0.020642338, -0.0042578513, 0.016273798, -0.021213003, -0.038077146, -0.0043882187, 0.016441062, 0.009204436, -0.006488857, 0.02115397, 0.00718743, 0.017975954, -0.038706843, -0.019530525, 0.010822961, 0.019874891, -0.013568058, 0.01156089, -0.013941942, 0.02081944, -0.043055706, -0.015063594, -0.04592871, 0.002718039, 0.04958884, -0.022157552, 0.007049683, -0.009381539, -0.048486866, 0.046912614, 0.008722323, -0.009706228, 0.007635107, 0.0064839376, -0.0103506865, 0.011610085, -0.011797028, 0.010173583, -0.022314977, -0.010488433, -0.014286309, -0.039100405, 0.003593715, 8.0557266E-4, -0.006124812, -0.024243433, -0.14388634, -0.008432071, -0.0045776204, -0.017690621, 0.011521534, 0.0031239002, -0.01833016, -0.020425878, 0.043173775, 0.0128202895, 0.2967459, 0.03561738, 0.046833903, -0.008397634, 0.046715833, -0.022472402, 0.021429462, 0.018153057, -0.003800335, -0.009460252, -1.533509E-4, -0.007438326, -0.02072105, 0.031603046, -0.022629827, 0.050061114, -0.04301635, 3.1423484E-4, 0.06851918, 0.004953964, -0.022787252, 0.014433894, -0.0015398122, -0.03591255, -0.022846287, -0.022059161, 0.0077433367, 0.01343031, -0.017415129, 0.034731865, -0.038214892, -3.8249328E-4, 0.010212939, -0.0061592488, 0.027746135, -0.024912488, 0.031052059, -0.014738905, -0.029438453, 0.0031829344, -0.016441062, -0.04093047, 0.016441062, -0.0035641978, 0.017749656, -0.0033354398, 0.004816218, 0.007826968, 0.010399882, -0.0077039804, 0.016086856, -0.017739818, 0.0133220805, 0.0031853942, -0.036325794, 0.009317585, -0.022649506, -0.027352573, -0.013272885, 0.042544074, 0.011826544, 0.045259655, -0.030186221, -0.0037978753, -0.014384699, 1.0999756E-4, 0.023475986, -0.019422295, 0.00926839, 0.015466995, -0.032429527, -0.006582328, -0.027608389, 0.034298945, 0.02219691, 0.008456668, -0.01187574, 0.033354398, 0.00864853, 0.060018238, -0.012308658, -0.0022408448, -0.01779885, -0.014856974, 0.0044841496, -0.051635362, 0.002718039, 0.039198797, 0.020917831, -0.014443733, 0.0074727624, -0.02467635, -0.032114677, 0.030284612, -0.027549354, -0.046951972, 0.0077876123, -0.006646282, -0.036739033, 0.01751352, 0.010773766, -0.0012052843, -0.0105474675, 0.04175695, 0.023062745, -0.014424055, 0.007458004, -0.0061149728, -0.029713947, 0.015407961, 0.020445557, -0.017641427, 0.030737208, 0.036601286, -0.025089592, 0.02802163, 0.03884459, -8.0249796E-4, 0.06808627, 0.023043068, -0.018094024, -0.0019456731, -0.016017983, 0.020170063, -0.031406265, -0.015821202, 0.009834136, -0.016332831, -0.03418088, 0.03923815, -0.013577896, -0.048132658, -0.01647058, 0.03540092, 0.05383931, 0.012407049, 0.07032957, 8.0680253E-4, -0.017375771, 0.01145266, -0.036109332, -0.017346255, -0.019668272, 0.008068025, -0.022708539, 0.02467635, -0.011993809, -0.0015139846, -0.0026934415, 0.015535869, 0.027844526, 0.034928646, 0.029418776, -0.06914888, 0.0129285185, -0.021586888, -0.021882059, -0.033885706, 0.026585128, -0.024735386, -0.0016726394, -0.020780085, 0.046086136, 0.134677, 5.937255E-4, 0.012534956, 0.025089592, 0.057735577, 0.020465234, 0.024223754, 0.054587077, -0.0256209, -0.036050297, 0.021901738, -0.030225579, -0.05364253, -0.033806995, -0.019806018, -0.005637779, 0.03510575, 0.010035836, -0.0120331645, 0.015142306, 0.043685406, -0.003301003, 0.0029713947, 0.023967938, -0.0049096886, 0.052343775, -0.04136339, -0.013676287, 0.100200936, 0.012249624, -0.021272037, 0.030697852, -0.019501008, 0.02113429, 0.009607838, -0.0222953, -0.02280693, 9.5438835E-4, -0.0019321445, 0.013095783, 0.009465171, -0.025325729, -0.02331856, -0.01969779, 0.01010471, -0.004093047, -0.025247017, -0.019432135, -0.015968787, -0.026152208, 0.028690685, 0.006602006, -0.013627091, 0.017228186, 0.025168303, -0.04840815, -0.032764055, 0.018605653, 0.023849871, 0.034121845, -0.04301635, 0.004666172, -0.024026973, 0.02678191, -0.017169151, -0.014817617, 0.03231146, -0.011206684, -0.046400987, -0.023554698, -0.0032124515, 0.039139763, -0.027136115, -0.032764055, 0.009666872, -0.023633411, 0.0151816625, 0.021468818, 0.004048771, 0.038785554, 0.039513648, 0.018999215, 0.04156017, -0.043173775, -0.017169151, -0.013597574, -0.028277446, -0.03758519, 0.02207884, 0.002323247, 0.0040561506, -0.028179055, 0.039257832, -0.01114765, -0.012092199, -0.06946373, 0.021783669, 0.013725482, 0.02353502, -0.023967938, 0.013873068, -0.04612549, -0.021075256, 0.012456244, 0.020898154, -0.027844526, -0.039454613, -0.0032960835, 0.0049023093, -0.0040389323, 0.017001888, -0.027313218, 0.018674526, -0.013686126, 0.030835599, 0.008712484, 0.005947709, -0.030973347, 0.014640515, -0.011393626, 0.033374075, -0.0038667487, 0.009922687, 0.018389195, 0.017995631, -0.039612036, -0.014069849, -0.01396162, -0.008805955, -0.02280693, 0.017415129, -0.040044956, 0.008609174, -0.0025064994, 0.014522445, -0.03644386, 0.043370556, -0.013705804, 0.056279395, 0.0042455522, 0.0037511399, 0.012938358, -0.0029320384, -0.008692806, -0.028297123, -0.0042750696, 0.014492929, 0.013823872, -0.09004703, -0.009681631, 0.04451189, 0.0078368075, -0.03790004, 0.014630675, -0.0145913195, -0.019786341, 0.013725482, 0.008240209, -0.024341824, 0.03843135, 0.01093119, 0.004769482, 0.0025175682, -0.032862443, 0.016332831, -0.008210692, 0.009612757, -0.0042135753, -0.003989737, -0.0042111157, -0.032016285, -0.021823024, 0.014128883, 0.060451157, 0.02479442, 0.009647193, -0.013489345, -0.0057853647, 0.04624356, 0.028100342, -0.018389195, 0.015437478, -0.038805235, 0.010813122, -0.0054311585, 0.01521118, 0.010301491, -0.008368117, 0.033059224, -0.033177294, 0.010124388, 0.04581064, 0.06084472, -0.02676223, -0.043449268, -0.009701309, 0.013194174, -0.021272037, 0.010281812, -0.055374205, 0.03300019, 0.005342607, -0.004011875, -0.022984033, 0.054823216, 0.022531437, 0.004981022, -0.03366925, 0.036109332, -0.006474098, -0.021547532, -0.06096279, 0.026034141, -0.0070004878, -0.023003712, 0.0038519902, -0.0032026125, 0.0023244768, -0.061080854, -0.0048580337, -0.03166208, 0.03634547, -0.017985793, -0.010803283, -0.008466507, 0.01729706, 0.03699485, -0.028985858, 0.0022556034, -0.010183422, 0.02207884, -0.2087454, 0.0055885836, -0.010252296, -0.03486961, -0.009986641, -0.016342672, -0.011787188, -0.027785493, 0.02469603, 0.009976802, -0.026191566, 7.0333874E-5, 0.008953541, -0.021803347, 0.06785013, 0.031307872, 0.020858798, -0.015260375, -0.02489281, 0.021272037, -0.011137811, 0.0044349544, 0.036522575, 0.018103862, 0.020543948, -0.043213133, 0.04876236, 0.035971586, -0.033452787, -0.04561386, -0.0031239002, -0.042662144, 0.028415192, 0.0035002439, -0.00645934, -0.0057755257, -0.0077236583, 4.0955067E-4, -0.0034043132, -5.0886363E-5, -0.009966963, -8.676817E-4, -0.028316801, -0.0056918934, -0.0068922583, 0.024440214, -0.012958036, -0.052540556, -0.043606695, -0.055216778, 0.0038298522, -0.026112853, -0.016067177, -0.009548803, -0.011649442, 0.007644946, -0.009150322, 0.04687326, -0.02207884, 0.016332831, -0.021449141, 0.0047916197, -0.015663777, -0.06568553, -0.039533325, 0.01801531, -0.030166544, 0.007030005, -0.03425959, -0.013833712, -0.01333192, -0.080365404, 0.04175695, -0.019933926, 0.007718739, 0.03042236, 0.006675799, -0.04466931, -0.024912488, -0.010616341, 0.035558347, 0.025660256, -0.013135139, 0.0022457645, 0.0023035689, 0.007674463, 0.022334656, 0.0012766174, -0.04352798, -0.0034510486, -0.05080888, -0.06678751, 6.1740074E-4, 0.040694334, -0.0014733985, -0.008904345, -0.026939334, -0.030914312, 0.013981298, 0.006405225, -0.027116437, -0.005072033, -0.02644738, 0.02457796, -0.016431222, 0.026191566, 0.032724697, 6.637519E-5, 0.013794356, 0.0025876716, -0.01228898, -0.03158337, 1.9186157E-4, 0.006675799, 0.00208342, 0.016214764, -0.0037535997, 0.00978986, -0.01925503, 0.041481458, -0.05635811, -0.030717531, -0.02135075, -0.018467907, 0.031209484, 0.009110965, 0.01739545, -8.357048E-4, -0.019727306, -0.022216586, 0.02457796, -0.040733688, 0.063481584, -0.004048771, 0.0329018, 0.014719226, -0.019540364, 0.010163744, -0.056515533, 0.004720287, 0.007354694, 0.03166208, 0.014955364, -0.028828433, -0.0085796565, 0.011216523, 0.04112725, 0.034043133, -0.012692382, -0.01625412, 0.019520685, 0.02219691, -0.023731802, 0.0086878855, -0.03917912, 0.008432071, 8.3754957E-4, 0.0181137, 0.04750296, 0.0038888867, -0.0153784435, -0.014778261, -0.018684367, -0.013194174, -0.0042480123, 0.0170806, -0.010271974, -0.002384741, -0.0058689965, -0.041048538, 0.007374372, 0.0055885836, -0.019560043, 0.023908904, 0.017267542, -0.0125152785, -0.012977714, 0.0025532348, 0.08760695, 0.0066413623, 0.012692382, 0.0493527, 0.03427927, 2.7318753E-4, -0.01623444, -0.0065626497, 0.020701373, 0.036168367, -0.013725482, 0.031937573, 0.008082784, 0.017346255, 0.03490897, 0.0029099006, 0.06863725, 0.037762295, 0.009780021, 0.017533196, 0.002875464, -0.009617677, 0.0093717, 0.0052294577, 0.02479442, -0.016736234, -0.008402553, 0.053603172, -0.011531373, 0.02105558, -0.013233529, 0.03323633, 0.045653217, -0.014335504, 0.005873916, 0.055256136, 0.013263047, 0.0374868, -0.034200557, 0.016362349, 7.60682E-4, -0.02821841, 0.0043267244, -0.0036183125, -0.0445906, 0.015811361, -0.005573825, 0.010124388, -0.04439382, 0.025286373, 0.016903497, -0.016765751, 0.0016910876, -0.0011849912, -0.006164168, 0.013941942, 0.026073497, -0.030284612, 0.039828494, 0.014148561, 0.03382667, -0.03583384, 0.0017771794, 0.005750928, -0.016391866, 1.0361755E-4] }, tokenUsage = TokenUsage { inputTokenCount = 1, outputTokenCount = null, totalTokenCount = 1 }, finishReason = null, metadata = {} }
]]></system-out>
  </testcase>
</testsuite>